2025-11-08T11:24:57.0901836Z ##[group]Run python scripts/run-tests.py
2025-11-08T11:24:57.0902173Z [36;1mpython scripts/run-tests.py[0m
2025-11-08T11:24:57.0934695Z shell: /usr/bin/bash -e {0}
2025-11-08T11:24:57.0934916Z env:
2025-11-08T11:24:57.0935160Z   pythonLocation: /opt/hostedtoolcache/Python/3.9.24/x64
2025-11-08T11:24:57.0935563Z   PKG_CONFIG_PATH: /opt/hostedtoolcache/Python/3.9.24/x64/lib/pkgconfig
2025-11-08T11:24:57.0935953Z   Python_ROOT_DIR: /opt/hostedtoolcache/Python/3.9.24/x64
2025-11-08T11:24:57.0936295Z   Python2_ROOT_DIR: /opt/hostedtoolcache/Python/3.9.24/x64
2025-11-08T11:24:57.0936633Z   Python3_ROOT_DIR: /opt/hostedtoolcache/Python/3.9.24/x64
2025-11-08T11:24:57.0936978Z   LD_LIBRARY_PATH: /opt/hostedtoolcache/Python/3.9.24/x64/lib
2025-11-08T11:24:57.0937260Z ##[endgroup]
2025-11-08T11:24:58.6432301Z ============================= test session starts ==============================
2025-11-08T11:24:58.6433668Z platform linux -- Python 3.9.24, pytest-8.4.2, pluggy-1.6.0 -- /home/runner/work/requirements-driven-development/requirements-driven-development/.venv/bin/python
2025-11-08T11:24:58.6435145Z cachedir: .pytest_cache
2025-11-08T11:24:58.6435916Z rootdir: /home/runner/work/requirements-driven-development/requirements-driven-development
2025-11-08T11:24:58.6436875Z plugins: timeout-2.4.0, cov-7.0.0, xdist-3.8.0, mock-3.15.1
2025-11-08T11:24:58.7293670Z collecting ... collected 49 items
2025-11-08T11:24:58.7294098Z 
2025-11-08T11:24:58.7590544Z tests/python/test_integration.py::TestChangeWorkflow::test_fix_branch_workflow PASSED [  2%]
2025-11-08T11:24:58.7831229Z tests/python/test_integration.py::TestRequirementsManagement::test_requirements_changes_format PASSED [  4%]
2025-11-08T11:24:58.8073120Z tests/python/test_integration.py::TestWorkspaceArchiving::test_workspace_backup_creation PASSED [  6%]
2025-11-08T11:24:58.8364097Z tests/python/test_integration.py::TestGitIntegration::test_branch_creation_and_switching PASSED [  8%]
2025-11-08T11:24:58.8640453Z tests/python/test_integration.py::TestGitIntegration::test_uncommitted_changes_detection PASSED [ 10%]
2025-11-08T11:24:58.8995919Z tests/python/test_integration.py::TestConfigManagement::test_config_read_write_cycle PASSED [ 12%]
2025-11-08T11:24:58.9295274Z tests/python/test_integration.py::TestConfigManagement::test_config_default_branch PASSED [ 14%]
2025-11-08T11:24:58.9547903Z tests/python/test_rdd_main.py::TestCLIHelp::test_version_command FAILED  [ 16%]
2025-11-08T11:24:58.9584630Z tests/python/test_rdd_main.py::TestCLIHelp::test_help_command FAILED     [ 18%]
2025-11-08T11:24:58.9618349Z tests/python/test_rdd_main.py::TestDomainRouting::test_config_show_routing FAILED [ 20%]
2025-11-08T11:24:58.9660748Z tests/python/test_rdd_main.py::TestDomainRouting::test_workspace_init_routing FAILED [ 22%]
2025-11-08T11:24:58.9698011Z tests/python/test_rdd_main.py::TestChangeCommands::test_change_create_requires_default_branch FAILED [ 24%]
2025-11-08T11:24:59.1324002Z tests/python/test_rdd_main.py::TestMenuInteraction::test_curses_menu_selection FAILED [ 26%]
2025-11-08T11:24:59.1358695Z tests/python/test_rdd_main.py::TestValidationCommands::test_check_repo_valid FAILED [ 28%]
2025-11-08T11:24:59.1393097Z tests/python/test_rdd_main.py::TestErrorHandling::test_no_command_shows_help FAILED [ 30%]
2025-11-08T11:24:59.1426926Z tests/python/test_rdd_main.py::TestErrorHandling::test_invalid_domain_error FAILED [ 32%]
2025-11-08T11:24:59.1461918Z tests/python/test_rdd_main.py::TestErrorHandling::test_invalid_action_error FAILED [ 34%]
2025-11-08T11:24:59.1472984Z tests/python/test_rdd_utils.py::TestOutputFunctions::test_print_success PASSED [ 36%]
2025-11-08T11:24:59.1484578Z tests/python/test_rdd_utils.py::TestOutputFunctions::test_print_error PASSED [ 38%]
2025-11-08T11:24:59.1494863Z tests/python/test_rdd_utils.py::TestOutputFunctions::test_print_warning PASSED [ 40%]
2025-11-08T11:24:59.1504865Z tests/python/test_rdd_utils.py::TestOutputFunctions::test_print_info PASSED [ 42%]
2025-11-08T11:24:59.1514868Z tests/python/test_rdd_utils.py::TestValidationFunctions::test_validate_name_valid PASSED [ 44%]
2025-11-08T11:24:59.1524038Z tests/python/test_rdd_utils.py::TestValidationFunctions::test_validate_name_with_spaces PASSED [ 46%]
2025-11-08T11:24:59.1533031Z tests/python/test_rdd_utils.py::TestValidationFunctions::test_validate_name_with_special_chars PASSED [ 48%]
2025-11-08T11:24:59.1541673Z tests/python/test_rdd_utils.py::TestValidationFunctions::test_validate_name_empty PASSED [ 51%]
2025-11-08T11:24:59.1553079Z tests/python/test_rdd_utils.py::TestValidationFunctions::test_normalize_to_kebab_case PASSED [ 53%]
2025-11-08T11:24:59.1566311Z tests/python/test_rdd_utils.py::TestValidationFunctions::test_validate_file_exists PASSED [ 55%]
2025-11-08T11:24:59.1577882Z tests/python/test_rdd_utils.py::TestValidationFunctions::test_validate_dir_exists PASSED [ 57%]
2025-11-08T11:24:59.1600091Z tests/python/test_rdd_utils.py::TestGitFunctions::test_check_git_repo_valid PASSED [ 59%]
2025-11-08T11:24:59.1615225Z tests/python/test_rdd_utils.py::TestGitFunctions::test_check_git_repo_invalid PASSED [ 61%]
2025-11-08T11:24:59.1629036Z tests/python/test_rdd_utils.py::TestGitFunctions::test_get_current_branch PASSED [ 63%]
2025-11-08T11:24:59.1910844Z tests/python/test_rdd_utils.py::TestGitFunctions::test_get_default_branch_from_config PASSED [ 65%]
2025-11-08T11:24:59.1924095Z tests/python/test_rdd_utils.py::TestGitFunctions::test_get_branch_type_fix PASSED [ 67%]
2025-11-08T11:24:59.1936859Z tests/python/test_rdd_utils.py::TestGitFunctions::test_get_branch_type_enh PASSED [ 69%]
2025-11-08T11:24:59.1950815Z tests/python/test_rdd_utils.py::TestGitFunctions::test_get_branch_type_main PASSED [ 71%]
2025-11-08T11:24:59.1963677Z tests/python/test_rdd_utils.py::TestGitFunctions::test_is_enh_or_fix_branch PASSED [ 73%]
2025-11-08T11:24:59.1972697Z tests/python/test_rdd_utils.py::TestTimestampFunctions::test_get_timestamp_format PASSED [ 75%]
2025-11-08T11:24:59.1981549Z tests/python/test_rdd_utils.py::TestTimestampFunctions::test_get_timestamp_filename_format PASSED [ 77%]
2025-11-08T11:24:59.2263126Z tests/python/test_rdd_utils.py::TestConfigFunctions::test_get_rdd_config_existing_key PASSED [ 79%]
2025-11-08T11:24:59.2538764Z tests/python/test_rdd_utils.py::TestConfigFunctions::test_get_rdd_config_missing_key_with_default PASSED [ 81%]
2025-11-08T11:24:59.2815293Z tests/python/test_rdd_utils.py::TestConfigFunctions::test_set_rdd_config PASSED [ 83%]
2025-11-08T11:24:59.3091741Z tests/python/test_rdd_utils.py::TestConfigFunctions::test_get_rdd_config_path PASSED [ 85%]
2025-11-08T11:24:59.3106571Z tests/python/test_rdd_utils.py::TestWorkspaceUtilities::test_ensure_dir_creates_directory PASSED [ 87%]
2025-11-08T11:24:59.3118194Z tests/python/test_rdd_utils.py::TestWorkspaceUtilities::test_ensure_dir_existing_directory PASSED [ 89%]
2025-11-08T11:24:59.3368757Z tests/python/test_rdd_utils.py::TestPromptFunctions::test_mark_prompt_completed PASSED [ 91%]
2025-11-08T11:24:59.3384657Z tests/python/test_rdd_utils.py::TestConfirmAction::test_confirm_action_yes PASSED [ 93%]
2025-11-08T11:24:59.3396765Z tests/python/test_rdd_utils.py::TestConfirmAction::test_confirm_action_no PASSED [ 95%]
2025-11-08T11:24:59.3409037Z tests/python/test_rdd_utils.py::TestConfirmAction::test_confirm_action_yes_full PASSED [ 97%]
2025-11-08T11:24:59.3694244Z tests/python/test_rdd_utils.py::TestConfirmAction::test_confirm_action_invalid PASSED [100%]
2025-11-08T11:24:59.3694909Z 
2025-11-08T11:24:59.3695093Z =================================== FAILURES ===================================
2025-11-08T11:24:59.3695711Z _______________________ TestCLIHelp.test_version_command _______________________
2025-11-08T11:24:59.3696907Z /home/runner/work/requirements-driven-development/requirements-driven-development/tests/python/test_rdd_main.py:26: in test_version_command
2025-11-08T11:24:59.3697967Z     rdd.main()
2025-11-08T11:24:59.3698763Z E   AttributeError: module 'rdd' has no attribute 'main'
2025-11-08T11:24:59.3699657Z ________________________ TestCLIHelp.test_help_command _________________________
2025-11-08T11:24:59.3700923Z /home/runner/work/requirements-driven-development/requirements-driven-development/tests/python/test_rdd_main.py:34: in test_help_command
2025-11-08T11:24:59.3702237Z     rdd.main()
2025-11-08T11:24:59.3702644Z E   AttributeError: module 'rdd' has no attribute 'main'
2025-11-08T11:24:59.3703333Z __________________ TestDomainRouting.test_config_show_routing __________________
2025-11-08T11:24:59.3704644Z /home/runner/work/requirements-driven-development/requirements-driven-development/tests/python/test_rdd_main.py:49: in test_config_show_routing
2025-11-08T11:24:59.3705798Z     result = rdd.main()
2025-11-08T11:24:59.3706237Z E   AttributeError: module 'rdd' has no attribute 'main'
2025-11-08T11:24:59.3706933Z ________________ TestDomainRouting.test_workspace_init_routing _________________
2025-11-08T11:24:59.3708298Z /home/runner/work/requirements-driven-development/requirements-driven-development/tests/python/test_rdd_main.py:57: in test_workspace_init_routing
2025-11-08T11:24:59.3709645Z     result = rdd.main()
2025-11-08T11:24:59.3710092Z E   AttributeError: module 'rdd' has no attribute 'main'
2025-11-08T11:24:59.3710815Z ________ TestChangeCommands.test_change_create_requires_default_branch _________
2025-11-08T11:24:59.3712245Z /home/runner/work/requirements-driven-development/requirements-driven-development/tests/python/test_rdd_main.py:71: in test_change_create_requires_default_branch
2025-11-08T11:24:59.3713487Z     result = rdd.main()
2025-11-08T11:24:59.3713928Z E   AttributeError: module 'rdd' has no attribute 'main'
2025-11-08T11:24:59.3714647Z ________________ TestMenuInteraction.test_curses_menu_selection ________________
2025-11-08T11:24:59.3715996Z /home/runner/work/requirements-driven-development/requirements-driven-development/tests/python/test_rdd_main.py:84: in test_curses_menu_selection
2025-11-08T11:24:59.3717224Z     result = rdd.select_change_type_interactive()
2025-11-08T11:24:59.3718397Z /home/runner/work/requirements-driven-development/requirements-driven-development/.rdd/scripts/rdd.py:169: in select_change_type_interactive
2025-11-08T11:24:59.3719782Z     selected_idx = _simple_menu("Select change type", labels)
2025-11-08T11:24:59.3720878Z /home/runner/work/requirements-driven-development/requirements-driven-development/.rdd/scripts/rdd.py:80: in _simple_menu
2025-11-08T11:24:59.3721872Z     choice = input().strip().lower()
2025-11-08T11:24:59.3723116Z /home/runner/work/requirements-driven-development/requirements-driven-development/.venv/lib/python3.9/site-packages/_pytest/capture.py:229: in read
2025-11-08T11:24:59.3724298Z     raise OSError(
2025-11-08T11:24:59.3724890Z E   OSError: pytest: reading from stdin while output is captured!  Consider using `-s`.
2025-11-08T11:24:59.3725683Z ----------------------------- Captured stdout call -----------------------------
2025-11-08T11:24:59.3726122Z 
2025-11-08T11:24:59.3726277Z ============================================================
2025-11-08T11:24:59.3726696Z   Select change type
2025-11-08T11:24:59.3727038Z ============================================================
2025-11-08T11:24:59.3727337Z 
2025-11-08T11:24:59.3727477Z   1. Stand Alone Prompts
2025-11-08T11:24:59.3727700Z 
2025-11-08T11:24:59.3727858Z Enter number to select (or 'q' to cancel): 
2025-11-08T11:24:59.3728463Z _________________ TestValidationCommands.test_check_repo_valid _________________
2025-11-08T11:24:59.3729855Z /home/runner/work/requirements-driven-development/requirements-driven-development/tests/python/test_rdd_main.py:96: in test_check_repo_valid
2025-11-08T11:24:59.3730860Z     rdd.main()
2025-11-08T11:24:59.3731232Z E   AttributeError: module 'rdd' has no attribute 'main'
2025-11-08T11:24:59.3731893Z _________________ TestErrorHandling.test_no_command_shows_help _________________
2025-11-08T11:24:59.3733146Z /home/runner/work/requirements-driven-development/requirements-driven-development/tests/python/test_rdd_main.py:108: in test_no_command_shows_help
2025-11-08T11:24:59.3734511Z     rdd.main()
2025-11-08T11:24:59.3734914Z E   AttributeError: module 'rdd' has no attribute 'main'
2025-11-08T11:24:59.3735736Z _________________ TestErrorHandling.test_invalid_domain_error __________________
2025-11-08T11:24:59.3736869Z /home/runner/work/requirements-driven-development/requirements-driven-development/tests/python/test_rdd_main.py:116: in test_invalid_domain_error
2025-11-08T11:24:59.3737768Z     rdd.main()
2025-11-08T11:24:59.3738097Z E   AttributeError: module 'rdd' has no attribute 'main'
2025-11-08T11:24:59.3738650Z _________________ TestErrorHandling.test_invalid_action_error __________________
2025-11-08T11:24:59.3739876Z /home/runner/work/requirements-driven-development/requirements-driven-development/tests/python/test_rdd_main.py:124: in test_invalid_action_error
2025-11-08T11:24:59.3740895Z     rdd.main()
2025-11-08T11:24:59.3741252Z E   AttributeError: module 'rdd' has no attribute 'main'
2025-11-08T11:24:59.3741807Z =========================== short test summary info ============================
2025-11-08T11:24:59.3742765Z FAILED tests/python/test_rdd_main.py::TestCLIHelp::test_version_command - AttributeError: module 'rdd' has no attribute 'main'
2025-11-08T11:24:59.3744104Z FAILED tests/python/test_rdd_main.py::TestCLIHelp::test_help_command - AttributeError: module 'rdd' has no attribute 'main'
2025-11-08T11:24:59.3745466Z FAILED tests/python/test_rdd_main.py::TestDomainRouting::test_config_show_routing - AttributeError: module 'rdd' has no attribute 'main'
2025-11-08T11:24:59.3746902Z FAILED tests/python/test_rdd_main.py::TestDomainRouting::test_workspace_init_routing - AttributeError: module 'rdd' has no attribute 'main'
2025-11-08T11:24:59.3748597Z FAILED tests/python/test_rdd_main.py::TestChangeCommands::test_change_create_requires_default_branch - AttributeError: module 'rdd' has no attribute 'main'
2025-11-08T11:24:59.3750616Z FAILED tests/python/test_rdd_main.py::TestMenuInteraction::test_curses_menu_selection - OSError: pytest: reading from stdin while output is captured!  Consider using `-s`.
2025-11-08T11:24:59.3752386Z FAILED tests/python/test_rdd_main.py::TestValidationCommands::test_check_repo_valid - AttributeError: module 'rdd' has no attribute 'main'
2025-11-08T11:24:59.3753961Z FAILED tests/python/test_rdd_main.py::TestErrorHandling::test_no_command_shows_help - AttributeError: module 'rdd' has no attribute 'main'
2025-11-08T11:24:59.3755496Z FAILED tests/python/test_rdd_main.py::TestErrorHandling::test_invalid_domain_error - AttributeError: module 'rdd' has no attribute 'main'
2025-11-08T11:24:59.3757066Z FAILED tests/python/test_rdd_main.py::TestErrorHandling::test_invalid_action_error - AttributeError: module 'rdd' has no attribute 'main'
2025-11-08T11:24:59.3758124Z ======================== 10 failed, 39 passed in 0.71s =========================
2025-11-08T11:24:59.3959005Z [0;31m✗[0m Python unit tests failed
2025-11-08T11:24:59.5945455Z ============================= test session starts ==============================
2025-11-08T11:24:59.5946408Z platform linux -- Python 3.9.24, pytest-8.4.2, pluggy-1.6.0 -- /home/runner/work/requirements-driven-development/requirements-driven-development/.venv/bin/python
2025-11-08T11:24:59.5947239Z cachedir: .pytest_cache
2025-11-08T11:24:59.5947728Z rootdir: /home/runner/work/requirements-driven-development/requirements-driven-development
2025-11-08T11:24:59.5948345Z plugins: timeout-2.4.0, cov-7.0.0, xdist-3.8.0, mock-3.15.1
2025-11-08T11:24:59.6226387Z collecting ... collected 13 items
2025-11-08T11:24:59.6226861Z 
2025-11-08T11:24:59.6263301Z tests/build/test_build.py::TestVersionExtraction::test_read_version_from_config PASSED [  7%]
2025-11-08T11:24:59.6305073Z tests/build/test_build.py::TestBuildDirCreation::test_create_build_dir PASSED [ 15%]
2025-11-08T11:24:59.6348918Z tests/build/test_build.py::TestFileCopying::test_copy_prompts PASSED     [ 23%]
2025-11-08T11:24:59.6393934Z tests/build/test_build.py::TestFileCopying::test_copy_scripts PASSED     [ 30%]
2025-11-08T11:24:59.6436482Z tests/build/test_build.py::TestFileCopying::test_copy_templates PASSED   [ 38%]
2025-11-08T11:24:59.6478763Z tests/build/test_build.py::TestFileCopying::test_copy_vscode_settings PASSED [ 46%]
2025-11-08T11:24:59.6527956Z tests/build/test_build.py::TestFileCopying::test_copy_rdd_docs_seeds PASSED [ 53%]
2025-11-08T11:24:59.6570633Z tests/build/test_build.py::TestTemplateGeneration::test_generate_readme PASSED [ 61%]
2025-11-08T11:24:59.6613029Z tests/build/test_build.py::TestTemplateGeneration::test_generate_installer PASSED [ 69%]
2025-11-08T11:24:59.6664556Z tests/build/test_build.py::TestArchiveCreation::test_create_archive PASSED [ 76%]
2025-11-08T11:24:59.6714693Z tests/build/test_build.py::TestChecksumGeneration::test_generate_checksum PASSED [ 84%]
2025-11-08T11:24:59.6724903Z tests/build/test_build.py::TestOutputFunctions::test_print_success PASSED [ 92%]
2025-11-08T11:24:59.6956001Z tests/build/test_build.py::TestOutputFunctions::test_print_error PASSED  [100%]
2025-11-08T11:24:59.6956493Z 
2025-11-08T11:24:59.6956680Z ============================== 13 passed in 0.09s ==============================
2025-11-08T11:24:59.9157122Z ============================= test session starts ==============================
2025-11-08T11:24:59.9158525Z platform linux -- Python 3.9.24, pytest-8.4.2, pluggy-1.6.0 -- /home/runner/work/requirements-driven-development/requirements-driven-development/.venv/bin/python
2025-11-08T11:24:59.9159998Z cachedir: .pytest_cache
2025-11-08T11:24:59.9160750Z rootdir: /home/runner/work/requirements-driven-development/requirements-driven-development
2025-11-08T11:24:59.9161693Z plugins: timeout-2.4.0, cov-7.0.0, xdist-3.8.0, mock-3.15.1
2025-11-08T11:24:59.9454441Z collecting ... collected 21 items
2025-11-08T11:24:59.9454793Z 
2025-11-08T11:24:59.9465224Z tests/install/test_install.py::TestPreFlightChecks::test_check_python_version_success PASSED [  4%]
2025-11-08T11:24:59.9478700Z tests/install/test_install.py::TestPreFlightChecks::test_check_git_installed_success PASSED [  9%]
2025-11-08T11:24:59.9490245Z tests/install/test_install.py::TestPreFlightChecks::test_check_git_installed_failure PASSED [ 14%]
2025-11-08T11:24:59.9721882Z tests/install/test_install.py::TestPreFlightChecks::test_check_git_repo_valid PASSED [ 19%]
2025-11-08T11:24:59.9734835Z tests/install/test_install.py::TestPreFlightChecks::test_check_git_repo_invalid PASSED [ 23%]
2025-11-08T11:24:59.9965448Z tests/install/test_install.py::TestExistingInstallationDetection::test_detect_existing_installation_none PASSED [ 28%]
2025-11-08T11:25:00.0196957Z tests/install/test_install.py::TestExistingInstallationDetection::test_detect_existing_installation_found PASSED [ 33%]
2025-11-08T11:25:00.0446519Z tests/install/test_install.py::TestFileOperations::test_copy_prompts PASSED [ 38%]
2025-11-08T11:25:00.0695098Z tests/install/test_install.py::TestFileOperations::test_copy_framework PASSED [ 42%]
2025-11-08T11:25:00.0946986Z tests/install/test_install.py::TestFileOperations::test_copy_seed_templates PASSED [ 47%]
2025-11-08T11:25:00.1170012Z tests/install/test_install.py::TestSettingsMerge::test_merge_settings_empty_target PASSED [ 52%]
2025-11-08T11:25:00.1178121Z tests/install/test_install.py::TestSettingsMerge::test_merge_settings_existing_values PASSED [ 57%]
2025-11-08T11:25:00.1186361Z tests/install/test_install.py::TestSettingsMerge::test_merge_settings_object_merge PASSED [ 61%]
2025-11-08T11:25:00.1408558Z tests/install/test_install.py::TestGitignoreUpdate::test_update_gitignore_new_file PASSED [ 66%]
2025-11-08T11:25:00.1634743Z tests/install/test_install.py::TestGitignoreUpdate::test_update_gitignore_existing_file PASSED [ 71%]
2025-11-08T11:25:00.1856462Z tests/install/test_install.py::TestGitignoreUpdate::test_update_gitignore_already_present PASSED [ 76%]
2025-11-08T11:25:00.2241045Z tests/install/test_install.py::TestVerification::test_verify_installation_success PASSED [ 80%]
2025-11-08T11:25:00.2465858Z tests/install/test_install.py::TestVerification::test_verify_installation_missing_files PASSED [ 85%]
2025-11-08T11:25:00.2477933Z tests/install/test_install.py::TestOutputFunctions::test_print_banner PASSED [ 90%]
2025-11-08T11:25:00.2488566Z tests/install/test_install.py::TestOutputFunctions::test_print_success PASSED [ 95%]
2025-11-08T11:25:00.2742444Z tests/install/test_install.py::TestOutputFunctions::test_print_error PASSED [100%]
2025-11-08T11:25:00.2743049Z 
2025-11-08T11:25:00.2743280Z ============================== 21 passed in 0.34s ==============================
2025-11-08T11:25:00.2972399Z [0;31m✗[0m Some tests failed
2025-11-08T11:25:00.2972821Z 
2025-11-08T11:25:00.2973075Z ============================================================
2025-11-08T11:25:00.2973774Z   RDD Framework Test Runner (Linux/macOS)
2025-11-08T11:25:00.2974408Z ============================================================
2025-11-08T11:25:00.2974798Z 
2025-11-08T11:25:00.2975150Z [0;34mℹ[0m Checking prerequisites...
2025-11-08T11:25:00.2975938Z [0;32m✓[0m Python found: 3.9.24
2025-11-08T11:25:00.2976616Z [0;32m✓[0m Virtual environment found
2025-11-08T11:25:00.2977230Z [0;32m✓[0m pytest 8.4.2
2025-11-08T11:25:00.2977464Z 
2025-11-08T11:25:00.2977471Z 
2025-11-08T11:25:00.2977643Z ============================================================
2025-11-08T11:25:00.2978046Z   Running Tests
2025-11-08T11:25:00.2978381Z ============================================================
2025-11-08T11:25:00.2978637Z 
2025-11-08T11:25:00.2978855Z [0;34m[1/3][0m Running Python unit tests
2025-11-08T11:25:00.2979133Z 
2025-11-08T11:25:00.2979613Z [0;34m[2/3][0m Running build tests
2025-11-08T11:25:00.2980183Z [0;32m✓[0m Build tests passed
2025-11-08T11:25:00.2980424Z 
2025-11-08T11:25:00.2980628Z [0;34m[3/3][0m Running install tests
2025-11-08T11:25:00.2981070Z [0;32m✓[0m Install tests passed
2025-11-08T11:25:00.2981307Z 
2025-11-08T11:25:00.2981313Z 
2025-11-08T11:25:00.2981463Z ============================================================
2025-11-08T11:25:00.2981873Z   Test Summary
2025-11-08T11:25:00.2982197Z ============================================================
2025-11-08T11:25:00.2982478Z 
2025-11-08T11:25:00.2982593Z Total test suites: 3
2025-11-08T11:25:00.2982912Z [0;32mPassed: 2[0m
2025-11-08T11:25:00.2983214Z [0;31mFailed: 1[0m
2025-11-08T11:25:00.2983372Z 
2025-11-08T11:25:00.3041432Z ##[error]Process completed with exit code 1.
